<?xml version="1.0" encoding="UTF-8"?>
<testsuite xmlns:xsi="http://www.w3.org/2001/XMLSchema-instance" xsi:noNamespaceSchemaLocation="https://maven.apache.org/surefire/maven-surefire-plugin/xsd/surefire-test-report-3.0.xsd" version="3.0" name="com.hairbysentle.backend.UserRepositoryTest" time="2.732" tests="1" errors="0" skipped="0" failures="0">
  <properties>
[...]
</properties>
  <testcase name="shouldSaveUserAndFindByEmail" classname="com.hairbysentle.backend.UserRepositoryTest" time="0.523">
    <system-out><![CDATA[10:23:10.326 [main] INFO org.springframework.test.context.support.AnnotationConfigContextLoaderUtils -- Could not detect default configuration classes for test class [com.hairbysentle.backend.UserRepositoryTest]: UserRepositoryTest does not declare any static, non-private, non-final, nested classes annotated with @Configuration.
10:23:10.402 [main] INFO org.springframework.boot.test.context.SpringBootTestContextBootstrapper -- Found @SpringBootConfiguration com.hairbysentle.backend.BackendApplication for test class com.hairbysentle.backend.UserRepositoryTest

  .   ____          _            __ _ _
 /\\ / ___'_ __ _ _(_)_ __  __ _ \ \ \ \
( ( )\___ | '_ | '_| | '_ \/ _` | \ \ \ \
 \\/  ___)| |_)| | | | | || (_| |  ) ) ) )
  '  |____| .__|_| |_|_| |_\__, | / / / /
 =========|_|==============|___/=/_/_/_/
 :: Spring Boot ::                (v3.1.6)

2026-08-04T10:23:10.769+02:00  INFO 20237 --- [           main] c.h.backend.UserRepositoryTest           : Starting UserRepositoryTest using Java 21.0.11 with PID 20237 (started by wtc01 in /home/wtc01/personal_projects/Hair-by-Sentle/backend)
2026-08-04T10:23:10.771+02:00  INFO 20237 --- [           main] c.h.backend.UserRepositoryTest           : No active profile set, falling back to 1 default profile: "default"
2026-08-04T10:23:11.072+02:00  INFO 20237 --- [           main] .s.d.r.c.RepositoryConfigurationDelegate : Bootstrapping Spring Data JPA repositories in DEFAULT mode.
2026-08-04T10:23:11.102+02:00  INFO 20237 --- [           main] .s.d.r.c.RepositoryConfigurationDelegate : Finished Spring Data repository scanning in 25 ms. Found 1 JPA repository interface.
2026-08-04T10:23:11.140+02:00  INFO 20237 --- [           main] beddedDataSourceBeanFactoryPostProcessor : Replacing 'dataSource' DataSource bean with embedded version
2026-08-04T10:23:11.237+02:00  INFO 20237 --- [           main] o.s.j.d.e.EmbeddedDatabaseFactory        : Starting embedded database: url='jdbc:h2:mem:f294168e-40cb-45cb-a1ee-68409aa77bfb;DB_CLOSE_DELAY=-1;DB_CLOSE_ON_EXIT=false', username='sa'
2026-08-04T10:23:11.413+02:00  INFO 20237 --- [           main] o.hibernate.jpa.internal.util.LogHelper  : HHH000204: Processing PersistenceUnitInfo [name: default]
2026-08-04T10:23:11.445+02:00  INFO 20237 --- [           main] org.hibernate.Version                    : HHH000412: Hibernate ORM core version 6.2.13.Final
2026-08-04T10:23:11.446+02:00  INFO 20237 --- [           main] org.hibernate.cfg.Environment            : HHH000406: Using bytecode reflection optimizer
2026-08-04T10:23:11.579+02:00  INFO 20237 --- [           main] o.s.o.j.p.SpringPersistenceUnitInfo      : No LoadTimeWeaver setup: ignoring JPA class transformer
2026-08-04T10:23:12.122+02:00  INFO 20237 --- [           main] o.h.e.t.j.p.i.JtaPlatformInitiator       : HHH000489: No JTA platform available (set 'hibernate.transaction.jta.platform' to enable JTA platform integration)
Hibernate: 
    create table users (
        customer_id bigint generated by default as identity,
        created_at timestamp(6) not null,
        email varchar(100) not null,
        first_name varchar(50) not null,
        home_address varchar(255),
        last_name varchar(50) not null,
        password varchar(255) not null,
        phone_number varchar(255),
        primary key (customer_id)
    )
Hibernate: 
    alter table if exists users 
       drop constraint if exists UK_6dotkott2kjsp8vw4d0m25fb7
Hibernate: 
    alter table if exists users 
       add constraint UK_6dotkott2kjsp8vw4d0m25fb7 unique (email)
2026-08-04T10:23:12.157+02:00  INFO 20237 --- [           main] j.LocalContainerEntityManagerFactoryBean : Initialized JPA EntityManagerFactory for persistence unit 'default'
2026-08-04T10:23:12.379+02:00  INFO 20237 --- [           main] c.h.backend.UserRepositoryTest           : Started UserRepositoryTest in 1.945 seconds (process running for 2.513)
Hibernate: 
    insert 
    into
        users
        (created_at,email,first_name,home_address,last_name,password,phone_number,customer_id) 
    values
        (?,?,?,?,?,?,?,default)
Hibernate: 
    select
        u1_0.customer_id,
        u1_0.created_at,
        u1_0.email,
        u1_0.first_name,
        u1_0.home_address,
        u1_0.last_name,
        u1_0.password,
        u1_0.phone_number 
    from
        users u1_0 
    where
        u1_0.email=?
]]></system-out>
    <system-err><![CDATA[WARNING: A Java agent has been loaded dynamically (/home/wtc01/.m2/repository/net/bytebuddy/byte-buddy-agent/1.14.10/byte-buddy-agent-1.14.10.jar)
WARNING: If a serviceability tool is in use, please run with -XX:+EnableDynamicAgentLoading to hide this warning
WARNING: If a serviceability tool is not in use, please run with -Djdk.instrument.traceUsage for more information
WARNING: Dynamic loading of agents will be disallowed by default in a future release
]]></system-err>
  </testcase>
</testsuite>